<?xml version="1.0" encoding="UTF-8"?>
<!-- Generated by org.testng.reporters.JUnitReportReporter -->
<testsuite hostname="Muthukumar" failures="0" tests="8" name="TestExtentReport" time="0.009" errors="0" timestamp="2023-11-21T22:22:01 IST" skipped="0">
  <testcase classname="TestExtentReport" name="skipTest" time="0.001"/>
  <system-out/>
  <testcase classname="TestExtentReport" name="failTest" time="0.001"/>
  <system-out/>
  <testcase classname="TestExtentReport" name="verifyUrl" time="0.000"/>
  <system-out/>
  <testcase classname="TestExtentReport" name="verifyTitle" time="0.001"/>
  <system-out/>
  <testcase classname="TestExtentReport" name="warningTest" time="0.001"/>
  <system-out/>
  <testcase classname="TestExtentReport" name="searchData" time="0.000"/>
  <system-out/>
  <testcase classname="TestExtentReport" name="verifyGmailLink" time="0.000"/>
  <system-out/>
  <testcase classname="TestExtentReport" name="errorTest" time="0.005"/>
  <system-out/>
</testsuite> <!-- TestExtentReport -->
