<?xml version="1.0" encoding="UTF-8"?>
<!-- Generated by org.testng.reporters.JUnitReportReporter -->
<testsuite hostname="Muthukumar" failures="0" tests="8" name="TestExtentReport2" time="0.163" errors="0" timestamp="2023-11-21T22:15:45 IST" skipped="1">
  <testcase classname="TestExtentReport2" name="verifyTitle" time="0.019"/>
  <system-out/>
  <testcase classname="TestExtentReport2" name="skipTest" time="0.000"/>
  <system-out/>
  <testcase classname="TestExtentReport2" name="verifyUrl" time="0.017"/>
  <system-out/>
  <testcase classname="TestExtentReport2" name="failTest" time="0.002"/>
  <system-out/>
  <testcase classname="TestExtentReport2" name="errorTest" time="0.000"/>
  <system-out/>
  <testcase classname="TestExtentReport2" name="warningTest" time="0.000"/>
  <system-out/>
  <testcase classname="TestExtentReport2" name="verifyGmailLink" time="0.125"/>
  <system-out/>
  <testcase classname="TestExtentReport2" name="searchData">
    <skipped/>
  </testcase> <!-- searchData -->
  <system-out/>
</testsuite> <!-- TestExtentReport2 -->
