<?xml version="1.0" encoding="UTF-8"?>
<!-- Generated by org.testng.reporters.JUnitReportReporter -->
<testsuite hostname="Muthukumar" failures="0" tests="8" name="report.TestExtentReport2" time="0.291" errors="0" timestamp="2023-11-21T22:20:46 IST" skipped="1">
  <testcase classname="report.TestExtentReport2" name="warningTest" time="0.001"/>
  <system-out/>
  <testcase classname="report.TestExtentReport2" name="failTest" time="0.000"/>
  <system-out/>
  <testcase classname="report.TestExtentReport2" name="errorTest" time="0.009"/>
  <system-out/>
  <testcase classname="report.TestExtentReport2" name="verifyUrl" time="0.009"/>
  <system-out/>
  <testcase classname="report.TestExtentReport2" name="skipTest" time="0.000"/>
  <system-out/>
  <testcase classname="report.TestExtentReport2" name="verifyGmailLink" time="0.262"/>
  <system-out/>
  <testcase classname="report.TestExtentReport2" name="verifyTitle" time="0.010"/>
  <system-out/>
  <testcase classname="report.TestExtentReport2" name="searchData">
    <skipped/>
  </testcase> <!-- searchData -->
  <system-out/>
</testsuite> <!-- report.TestExtentReport2 -->
